<?xml version="1.0" encoding="UTF-8"?>
<!-- Generated by org.testng.reporters.JUnitReportReporter -->
<testsuite hostname="Azu" failures="0" tests="6" name="api.test.DDTTest" time="1.871" errors="0" timestamp="2023-03-23T13:45:09 EDT" skipped="0">
  <testcase classname="api.test.DDTTest" name="testPostuser" time="0.090"/>
  <system-out/>
  <testcase classname="api.test.DDTTest" name="testPostuser" time="0.069"/>
  <system-out/>
  <testcase classname="api.test.DDTTest" name="testPostuser" time="0.084"/>
  <system-out/>
  <testcase classname="api.test.DDTTest" name="testDeleteUser" time="0.064"/>
  <system-out/>
  <testcase classname="api.test.DDTTest" name="testDeleteUser" time="0.057"/>
  <system-out/>
  <testcase classname="api.test.DDTTest" name="testDeleteUser" time="1.507"/>
  <system-out/>
</testsuite> <!-- api.test.DDTTest -->
