<?xml version="1.0" encoding="UTF-8"?>
<!-- Generated by org.testng.reporters.JUnitReportReporter -->
<testsuite hostname="Azu" failures="0" tests="4" name="api.test.UserTest" time="1.890" errors="0" timestamp="2023-03-23T13:45:09 EDT" skipped="0">
  <testcase classname="api.test.UserTest" name="testPostUser" time="1.483"/>
  <system-out/>
  <testcase classname="api.test.UserTest" name="testGetUserByName" time="0.094"/>
  <system-out/>
  <testcase classname="api.test.UserTest" name="testUpdateUser" time="0.252"/>
  <system-out/>
  <testcase classname="api.test.UserTest" name="testDeleteUser" time="0.061"/>
  <system-out/>
</testsuite> <!-- api.test.UserTest -->
