<?xml version="1.0" encoding="UTF-8"?>
<!-- Generated by org.testng.reporters.JUnitReportReporter -->
<testsuite skipped="0" hostname="Azu" name="api.test.DDTTest" tests="6" failures="0" timestamp="2023-03-23T14:24:47 EDT" time="1.760" errors="0">
  <testcase name="testPostuser" time="0.074" classname="api.test.DDTTest"/>
  <system-out/>
  <testcase name="testPostuser" time="0.066" classname="api.test.DDTTest"/>
  <system-out/>
  <testcase name="testPostuser" time="1.441" classname="api.test.DDTTest"/>
  <system-out/>
  <testcase name="testDeleteUser" time="0.065" classname="api.test.DDTTest"/>
  <system-out/>
  <testcase name="testDeleteUser" time="0.058" classname="api.test.DDTTest"/>
  <system-out/>
  <testcase name="testDeleteUser" time="0.056" classname="api.test.DDTTest"/>
  <system-out/>
</testsuite> <!-- api.test.DDTTest -->
