<?xml version="1.0" encoding="UTF-8"?>
<!-- Generated by org.testng.reporters.JUnitReportReporter -->
<testsuite skipped="0" hostname="Azu" name="api.test.UserTest" tests="4" failures="0" timestamp="2023-03-23T14:24:47 EDT" time="4.179" errors="0">
  <testcase name="testPostUser" time="0.648" classname="api.test.UserTest"/>
  <system-out/>
  <testcase name="testGetUserByName" time="0.143" classname="api.test.UserTest"/>
  <system-out/>
  <testcase name="testUpdateUser" time="0.249" classname="api.test.UserTest"/>
  <system-out/>
  <testcase name="testDeleteUser" time="3.139" classname="api.test.UserTest"/>
  <system-out/>
</testsuite> <!-- api.test.UserTest -->
